<?xml version="1.0" encoding="UTF-8"?>
<!-- Generated by org.testng.reporters.JUnitXMLReporter -->
<testsuite ignored="0" hostname="LAPTOP-EIGNA8P9" failures="1" tests="6" name="LogInTest" time="18.439" errors="0" timestamp="2023-11-26T15:33:47 IST">
  <testcase classname="OrangeHRMApplicationTesting.LogInTest" name="logInTest" time="2.6"/>
  <testcase classname="OrangeHRMApplicationTesting.LogInTest" name="pimTest" time="0.259"/>
  <testcase classname="OrangeHRMApplicationTesting.LogInTest" name="addEmployeeTest" time="0.647"/>
  <testcase classname="OrangeHRMApplicationTesting.LogInTest" name="newAddNewEmployeeTest" time="10.313">
    <failure type="java.io.IOException" message="Cannot run program &amp;quot;.C:\Users\NIHARIKA\Desktop\Neha\OrangeHRMApplication\EmployeePhoto\empphoto1.exe&amp;quot;: CreateProcess error=2, The system cannot find the file specified">
      <![CDATA[java.io.IOException: Cannot run program ".C:\Users\NIHARIKA\Desktop\Neha\OrangeHRMApplication\EmployeePhoto\empphoto1.exe": CreateProcess error=2, The system cannot find the file specified
at java.base/java.lang.ProcessBuilder.start(ProcessBuilder.java:1143)
at java.base/java.lang.ProcessBuilder.start(ProcessBuilder.java:1073)
at java.base/java.lang.Runtime.exec(Runtime.java:594)
at java.base/java.lang.Runtime.exec(Runtime.java:418)
at java.base/java.lang.Runtime.exec(Runtime.java:315)
at OrangeHRMApplicationTesting.LogInTest.newAddNewEmployeeTest(LogInTest.java:219)
at java.base/java.util.ArrayList.forEach(ArrayList.java:1511)
Caused by: java.io.IOException: CreateProcess error=2, The system cannot find the file specified
at java.base/java.lang.ProcessImpl.create(Native Method)
at java.base/java.lang.ProcessImpl.<init>(ProcessImpl.java:499)
at java.base/java.lang.ProcessImpl.start(ProcessImpl.java:158)
at java.base/java.lang.ProcessBuilder.start(ProcessBuilder.java:1110)
... 33 more
... Removed 27 stack frames]]>
    </failure>
  </testcase> <!-- newAddNewEmployeeTest -->
  <testcase classname="OrangeHRMApplicationTesting.LogInTest" name="welComeAdmin" time="0.068"/>
  <testcase classname="OrangeHRMApplicationTesting.LogInTest" name="logOutTest" time="0.893"/>
</testsuite> <!-- LogInTest -->
